#
# There is insufficient memory for the Java Runtime Environment to continue.
# Native memory allocation (malloc) failed to allocate 32744 bytes for ChunkPool::allocate
# Possible reasons:
#   The system is out of physical RAM or swap space
#   The process is running with CompressedOops enabled, and the Java Heap may be blocking the growth of the native heap
# Possible solutions:
#   Reduce memory load on the system
#   Increase physical memory or swap space
#   Check if swap backing store is full
#   Decrease Java heap size (-Xmx/-Xms)
#   Decrease number of Java threads
#   Decrease Java thread stack sizes (-Xss)
#   Set larger code cache with -XX:ReservedCodeCacheSize=
#   JVM is running with Unscaled Compressed Oops mode in which the Java heap is
#     placed in the first 4GB address space. The Java Heap base address is the
#     maximum limit for the native heap growth. Please use -XX:HeapBaseMinAddress
#     to set the Java Heap base and to place the Java Heap above 4GB virtual address.
# This output file may be truncated or incomplete.
#
#  Out of Memory Error (allocation.cpp:272), pid=5156, tid=0x000000000000263c
#
# JRE version: OpenJDK Runtime Environment (Zulu 8.68.0.21-CA-win64) (8.0_362-b09) (build 1.8.0_362-b09)
# Java VM: OpenJDK 64-Bit Server VM (25.362-b09 mixed mode windows-amd64 compressed oops)
# Failed to write core dump. Minidumps are not enabled by default on client versions of Windows
#

---------------  T H R E A D  ---------------

Current thread (0x000002202c4a2000):  JavaThread "C2 CompilerThread0" daemon [_thread_in_native, id=9788, stack(0x000000b292f00000,0x000000b293000000)]

Stack: [0x000000b292f00000,0x000000b293000000]
[error occurred during error reporting (printing stack bounds), id 0xc0000005]

Native frames: (J=compiled Java code, j=interpreted, Vv=VM code, C=native code)


Current CompileTask:
C2:  17031 2805   !   4       org.openqa.selenium.json.Input::init (71 bytes)


---------------  P R O C E S S  ---------------

Java Threads: ( => current thread )
  0x000002202d3ed000 JavaThread "Okio Watchdog" daemon [_thread_blocked, id=18532, stack(0x000000b293b00000,0x000000b293c00000)]
  0x000002202cb15000 JavaThread "OkHttp ConnectionPool" daemon [_thread_blocked, id=18236, stack(0x000000b293a00000,0x000000b293b00000)]
  0x000002202c8f6000 JavaThread "Keep-Alive-Timer" daemon [_thread_blocked, id=12424, stack(0x000000b293800000,0x000000b293900000)]
  0x000002202cfb8000 JavaThread "Exec Stream Pumper" daemon [_thread_in_native, id=5068, stack(0x000000b293700000,0x000000b293800000)]
  0x000002202cfb6000 JavaThread "Exec Stream Pumper" daemon [_thread_in_native, id=15732, stack(0x000000b293600000,0x000000b293700000)]
  0x000002202c64d800 JavaThread "UrlChecker-2" daemon [_thread_blocked, id=5168, stack(0x000000b293400000,0x000000b293500000)]
  0x000002202c599800 JavaThread "Exec Default Executor" daemon [_thread_in_native, id=19536, stack(0x000000b293300000,0x000000b293400000)]
  0x000002202b6f8000 JavaThread "Service Thread" daemon [_thread_blocked, id=7656, stack(0x000000b293100000,0x000000b293200000)]
  0x000002202c4af000 JavaThread "C1 CompilerThread1" daemon [_thread_blocked, id=1940, stack(0x000000b293000000,0x000000b293100000)]
=>0x000002202c4a2000 JavaThread "C2 CompilerThread0" daemon [_thread_in_native, id=9788, stack(0x000000b292f00000,0x000000b293000000)]
  0x000002202c49a000 JavaThread "Attach Listener" daemon [_thread_blocked, id=13664, stack(0x000000b292e00000,0x000000b292f00000)]
  0x000002202c450000 JavaThread "Signal Dispatcher" daemon [_thread_blocked, id=19612, stack(0x000000b292d00000,0x000000b292e00000)]
  0x0000022016e3b800 JavaThread "Finalizer" daemon [_thread_blocked, id=2608, stack(0x000000b292c00000,0x000000b292d00000)]
  0x000002202b647000 JavaThread "Reference Handler" daemon [_thread_blocked, id=12436, stack(0x000000b292b00000,0x000000b292c00000)]
  0x000002201546d000 JavaThread "Forwarding newSession on session null to remote" [_thread_in_native, id=15624, stack(0x000000b292700000,0x000000b292800000)]

Other Threads:
  0x0000022016e2a800 VMThread [stack: 0x000000b292a00000,0x000000b292b00000] [id=15552]
  0x000002202b6fb000 WatcherThread [stack: 0x000000b293200000,0x000000b293300000] [id=14044]

VM state:not at safepoint (normal execution)

VM Mutex/Monitor currently owned by a thread: None

heap address: 0x0000000080000000, size: 2048 MB, Compressed Oops mode: 32-bit
Narrow klass base: 0x0000000000000000, Narrow klass shift: 3
Compressed class space size: 1073741824 Address: 0x0000000100000000

Heap:
 PSYoungGen      total 139776K, used 71938K [0x00000000d5580000, 0x00000000dea00000, 0x0000000100000000)
  eden space 132608K, 48% used [0x00000000d5580000,0x00000000d94c4828,0x00000000dd700000)
  from space 7168K, 99% used [0x00000000ddf00000,0x00000000de5fc010,0x00000000de600000)
  to   space 8192K, 0% used [0x00000000dd700000,0x00000000dd700000,0x00000000ddf00000)
 ParOldGen       total 47616K, used 9751K [0x0000000080000000, 0x0000000082e80000, 0x00000000d5580000)
  object space 47616K, 20% used [0x0000000080000000,0x0000000080985fa0,0x0000000082e80000)
 Metaspace       used 30462K, capacity 31304K, committed 31616K, reserved 1077248K
  class space    used 3601K, capacity 3849K, committed 3968K, reserved 1048576K

Card table byte_map: [0x0000022026210000,0x0000022026620000] byte_map_base: 0x0000022025e10000

Marking Bits: (ParMarkBitMap*) 0x0000000068705390
 Begin Bits: [0x00000220268d0000, 0x00000220288d0000)
 End Bits:   [0x00000220288d0000, 0x000002202a8d0000)

Polling page: 0x0000022016d20000

CodeCache: size=245760Kb used=11208Kb max_used=11208Kb free=234551Kb
 bounds [0x0000022016e50000, 0x0000022017950000, 0x0000022025e50000]
 total_blobs=3333 nmethods=2650 adapters=593
 compilation: enabled

Compilation events (10 events):
Event: 17.021 Thread 0x000002202c4af000 2804       1       java.util.stream.ReferencePipeline$StatelessOp::opIsStateful (2 bytes)
Event: 17.021 Thread 0x000002202c4af000 nmethod 2804 0x00000220179410d0 code [0x0000022017941220, 0x0000022017941338]
Event: 17.025 Thread 0x000002202c4a2000 2805   !   4       org.openqa.selenium.json.Input::init (71 bytes)
Event: 17.025 Thread 0x000002202c4af000 2806       3       java.nio.CharBuffer::allocate (22 bytes)
Event: 17.025 Thread 0x000002202c4af000 nmethod 2806 0x0000022017941390 code [0x0000022017941520, 0x0000022017941980]
Event: 17.025 Thread 0x000002202c4af000 2807       3       java.nio.HeapCharBuffer::<init> (13 bytes)
Event: 17.026 Thread 0x000002202c4af000 nmethod 2807 0x0000022017941b50 code [0x0000022017941cc0, 0x0000022017941f90]
Event: 17.026 Thread 0x000002202c4af000 2808   !   3       java.io.StringReader::read (133 bytes)
Event: 17.027 Thread 0x000002202c4af000 nmethod 2808 0x00000220179420d0 code [0x00000220179422a0, 0x0000022017942bf0]
Event: 17.027 Thread 0x000002202c4af000 2809       3       org.openqa.selenium.json.JsonInput::readString (129 bytes)

GC Heap History (10 events):
Event: 6.327 GC heap before
{Heap before GC invocations=7 (full 0):
 PSYoungGen      total 55808K, used 55793K [0x00000000d5580000, 0x00000000d9480000, 0x0000000100000000)
  eden space 50176K, 100% used [0x00000000d5580000,0x00000000d8680000,0x00000000d8680000)
  from space 5632K, 99% used [0x00000000d8d00000,0x00000000d927c7a8,0x00000000d9280000)
  to   space 6656K, 0% used [0x00000000d8680000,0x00000000d8680000,0x00000000d8d00000)
 ParOldGen       total 68608K, used 2188K [0x0000000080000000, 0x0000000084300000, 0x00000000d5580000)
  object space 68608K, 3% used [0x0000000080000000,0x0000000080223388,0x0000000084300000)
 Metaspace       used 19179K, capacity 19398K, committed 19712K, reserved 1067008K
  class space    used 2118K, capacity 2209K, committed 2304K, reserved 1048576K
Event: 6.348 GC heap after
Heap after GC invocations=7 (full 0):
 PSYoungGen      total 56832K, used 6196K [0x00000000d5580000, 0x00000000dc580000, 0x0000000100000000)
  eden space 50176K, 0% used [0x00000000d5580000,0x00000000d5580000,0x00000000d8680000)
  from space 6656K, 93% used [0x00000000d8680000,0x00000000d8c8d140,0x00000000d8d00000)
  to   space 7168K, 0% used [0x00000000dbe80000,0x00000000dbe80000,0x00000000dc580000)
 ParOldGen       total 68608K, used 4966K [0x0000000080000000, 0x0000000084300000, 0x00000000d5580000)
  object space 68608K, 7% used [0x0000000080000000,0x00000000804d9820,0x0000000084300000)
 Metaspace       used 19179K, capacity 19398K, committed 19712K, reserved 1067008K
  class space    used 2118K, capacity 2209K, committed 2304K, reserved 1048576K
}
Event: 7.235 GC heap before
{Heap before GC invocations=8 (full 0):
 PSYoungGen      total 56832K, used 47218K [0x00000000d5580000, 0x00000000dc580000, 0x0000000100000000)
  eden space 50176K, 81% used [0x00000000d5580000,0x00000000d7d8f970,0x00000000d8680000)
  from space 6656K, 93% used [0x00000000d8680000,0x00000000d8c8d140,0x00000000d8d00000)
  to   space 7168K, 0% used [0x00000000dbe80000,0x00000000dbe80000,0x00000000dc580000)
 ParOldGen       total 68608K, used 4966K [0x0000000080000000, 0x0000000084300000, 0x00000000d5580000)
  object space 68608K, 7% used [0x0000000080000000,0x00000000804d9820,0x0000000084300000)
 Metaspace       used 20820K, capacity 21066K, committed 21296K, reserved 1069056K
  class space    used 2301K, capacity 2401K, committed 2432K, reserved 1048576K
Event: 7.247 GC heap after
Heap after GC invocations=8 (full 0):
 PSYoungGen      total 107520K, used 5309K [0x00000000d5580000, 0x00000000dc580000, 0x0000000100000000)
  eden space 100352K, 0% used [0x00000000d5580000,0x00000000d5580000,0x00000000db780000)
  from space 7168K, 74% used [0x00000000dbe80000,0x00000000dc3af620,0x00000000dc580000)
  to   space 7168K, 0% used [0x00000000db780000,0x00000000db780000,0x00000000dbe80000)
 ParOldGen       total 68608K, used 5790K [0x0000000080000000, 0x0000000084300000, 0x00000000d5580000)
  object space 68608K, 8% used [0x0000000080000000,0x00000000805a7920,0x0000000084300000)
 Metaspace       used 20820K, capacity 21066K, committed 21296K, reserved 1069056K
  class space    used 2301K, capacity 2401K, committed 2432K, reserved 1048576K
}
Event: 7.247 GC heap before
{Heap before GC invocations=9 (full 1):
 PSYoungGen      total 107520K, used 5309K [0x00000000d5580000, 0x00000000dc580000, 0x0000000100000000)
  eden space 100352K, 0% used [0x00000000d5580000,0x00000000d5580000,0x00000000db780000)
  from space 7168K, 74% used [0x00000000dbe80000,0x00000000dc3af620,0x00000000dc580000)
  to   space 7168K, 0% used [0x00000000db780000,0x00000000db780000,0x00000000dbe80000)
 ParOldGen       total 68608K, used 5790K [0x0000000080000000, 0x0000000084300000, 0x00000000d5580000)
  object space 68608K, 8% used [0x0000000080000000,0x00000000805a7920,0x0000000084300000)
 Metaspace       used 20820K, capacity 21066K, committed 21296K, reserved 1069056K
  class space    used 2301K, capacity 2401K, committed 2432K, reserved 1048576K
Event: 7.329 GC heap after
Heap after GC invocations=9 (full 1):
 PSYoungGen      total 107520K, used 0K [0x00000000d5580000, 0x00000000dc580000, 0x0000000100000000)
  eden space 100352K, 0% used [0x00000000d5580000,0x00000000d5580000,0x00000000db780000)
  from space 7168K, 0% used [0x00000000dbe80000,0x00000000dbe80000,0x00000000dc580000)
  to   space 7168K, 0% used [0x00000000db780000,0x00000000db780000,0x00000000dbe80000)
 ParOldGen       total 47616K, used 9026K [0x0000000080000000, 0x0000000082e80000, 0x00000000d5580000)
  object space 47616K, 18% used [0x0000000080000000,0x00000000808d0b20,0x0000000082e80000)
 Metaspace       used 20820K, capacity 21066K, committed 21296K, reserved 1069056K
  class space    used 2301K, capacity 2401K, committed 2432K, reserved 1048576K
}
Event: 8.711 GC heap before
{Heap before GC invocations=10 (full 1):
 PSYoungGen      total 107520K, used 100352K [0x00000000d5580000, 0x00000000dc580000, 0x0000000100000000)
  eden space 100352K, 100% used [0x00000000d5580000,0x00000000db780000,0x00000000db780000)
  from space 7168K, 0% used [0x00000000dbe80000,0x00000000dbe80000,0x00000000dc580000)
  to   space 7168K, 0% used [0x00000000db780000,0x00000000db780000,0x00000000dbe80000)
 ParOldGen       total 47616K, used 9026K [0x0000000080000000, 0x0000000082e80000, 0x00000000d5580000)
  object space 47616K, 18% used [0x0000000080000000,0x00000000808d0b20,0x0000000082e80000)
 Metaspace       used 22892K, capacity 23234K, committed 23680K, reserved 1071104K
  class space    used 2508K, capacity 2650K, committed 2688K, reserved 1048576K
Event: 8.720 GC heap after
Heap after GC invocations=10 (full 1):
 PSYoungGen      total 107520K, used 3061K [0x00000000d5580000, 0x00000000de600000, 0x0000000100000000)
  eden space 100352K, 0% used [0x00000000d5580000,0x00000000d5580000,0x00000000db780000)
  from space 7168K, 42% used [0x00000000db780000,0x00000000dba7d5d8,0x00000000dbe80000)
  to   space 7168K, 0% used [0x00000000ddf00000,0x00000000ddf00000,0x00000000de600000)
 ParOldGen       total 47616K, used 9026K [0x0000000080000000, 0x0000000082e80000, 0x00000000d5580000)
  object space 47616K, 18% used [0x0000000080000000,0x00000000808d0b20,0x0000000082e80000)
 Metaspace       used 22892K, capacity 23234K, committed 23680K, reserved 1071104K
  class space    used 2508K, capacity 2650K, committed 2688K, reserved 1048576K
}
Event: 10.035 GC heap before
{Heap before GC invocations=11 (full 1):
 PSYoungGen      total 107520K, used 103413K [0x00000000d5580000, 0x00000000de600000, 0x0000000100000000)
  eden space 100352K, 100% used [0x00000000d5580000,0x00000000db780000,0x00000000db780000)
  from space 7168K, 42% used [0x00000000db780000,0x00000000dba7d5d8,0x00000000dbe80000)
  to   space 7168K, 0% used [0x00000000ddf00000,0x00000000ddf00000,0x00000000de600000)
 ParOldGen       total 47616K, used 9026K [0x0000000080000000, 0x0000000082e80000, 0x00000000d5580000)
  object space 47616K, 18% used [0x0000000080000000,0x00000000808d0b20,0x0000000082e80000)
 Metaspace       used 24681K, capacity 25002K, committed 25216K, reserved 1071104K
  class space    used 2791K, capacity 2917K, committed 2944K, reserved 1048576K
Event: 10.066 GC heap after
Heap after GC invocations=11 (full 1):
 PSYoungGen      total 139776K, used 7152K [0x00000000d5580000, 0x00000000dea00000, 0x0000000100000000)
  eden space 132608K, 0% used [0x00000000d5580000,0x00000000d5580000,0x00000000dd700000)
  from space 7168K, 99% used [0x00000000ddf00000,0x00000000de5fc010,0x00000000de600000)
  to   space 8192K, 0% used [0x00000000dd700000,0x00000000dd700000,0x00000000ddf00000)
 ParOldGen       total 47616K, used 9751K [0x0000000080000000, 0x0000000082e80000, 0x00000000d5580000)
  object space 47616K, 20% used [0x0000000080000000,0x0000000080985fa0,0x0000000082e80000)
 Metaspace       used 24681K, capacity 25002K, committed 25216K, reserved 1071104K
  class space    used 2791K, capacity 2917K, committed 2944K, reserved 1048576K
}

Deoptimization events (10 events):
Event: 11.525 Thread 0x000002201546d000 Uncommon trap: reason=class_check action=maybe_recompile pc=0x00000220170b9b18 method=java.io.DataInputStream.readChar()C @ 4
Event: 11.525 Thread 0x000002201546d000 Uncommon trap: reason=class_check action=maybe_recompile pc=0x00000220170b9b18 method=java.io.DataInputStream.readChar()C @ 4
Event: 11.525 Thread 0x000002201546d000 Uncommon trap: reason=class_check action=maybe_recompile pc=0x00000220170b9b18 method=java.io.DataInputStream.readChar()C @ 4
Event: 11.779 Thread 0x000002201546d000 Uncommon trap: reason=unstable_if action=reinterpret pc=0x0000022016ffe360 method=java.lang.String.replace(CC)Ljava/lang/String; @ 2
Event: 14.503 Thread 0x000002201546d000 Uncommon trap: reason=unstable_if action=reinterpret pc=0x0000022017037e50 method=java.util.regex.Pattern$CharProperty.match(Ljava/util/regex/Matcher;ILjava/lang/CharSequence;)Z @ 21
Event: 15.110 Thread 0x000002201546d000 Uncommon trap: reason=unstable_if action=reinterpret pc=0x0000022017035d58 method=java.util.regex.Pattern$BmpCharProperty.match(Ljava/util/regex/Matcher;ILjava/lang/CharSequence;)Z @ 34
Event: 17.024 Thread 0x000002201546d000 Uncommon trap: reason=class_check action=maybe_recompile pc=0x0000022017911734 method=org.openqa.selenium.json.Input.init()V @ 18
Event: 17.025 Thread 0x000002201546d000 Uncommon trap: reason=class_check action=maybe_recompile pc=0x0000022017911734 method=org.openqa.selenium.json.Input.init()V @ 18
Event: 17.025 Thread 0x000002201546d000 Uncommon trap: reason=class_check action=maybe_recompile pc=0x0000022017911734 method=org.openqa.selenium.json.Input.init()V @ 18
Event: 17.025 Thread 0x000002201546d000 Uncommon trap: reason=class_check action=maybe_recompile pc=0x0000022017911734 method=org.openqa.selenium.json.Input.init()V @ 18

Classes redefined (0 events):
No events

Internal exceptions (10 events):
Event: 10.020 Thread 0x000002201546d000 Exception <a 'java/lang/ClassNotFoundException': com/kms/katalon/core/logging/KeywordLoggerBeanInfo> (0x00000000db679828) thrown at [C:\jenkins\workspace\zulu-platform-build\zulu-src.git\hotspot\src\share\vm\classfile\systemDictionary.cpp, line 220]
Event: 10.023 Thread 0x000002201546d000 Exception <a 'java/lang/ClassNotFoundException': com/kms/katalon/core/logging/KeywordLoggerCustomizer> (0x00000000db730990) thrown at [C:\jenkins\workspace\zulu-platform-build\zulu-src.git\hotspot\src\share\vm\classfile\systemDictionary.cpp, line 220]
Event: 10.092 Thread 0x000002201546d000 Exception <a 'java/lang/ClassNotFoundException': com/kms/katalon/core/webui/keyword/builtin/InternalSmartWaitGroovyWrapperBeanInfo> (0x00000000d57d3bc0) thrown at [C:\jenkins\workspace\zulu-platform-build\zulu-src.git\hotspot\src\share\vm\classfile\system
Event: 10.095 Thread 0x000002201546d000 Exception <a 'java/lang/ClassNotFoundException': com/kms/katalon/core/webui/keyword/builtin/InternalSmartWaitGroovyWrapperCustomizer> (0x00000000d58d5d98) thrown at [C:\jenkins\workspace\zulu-platform-build\zulu-src.git\hotspot\src\share\vm\classfile\syst
Event: 12.426 Thread 0x000002202c64d800 Exception <a 'java/net/SocketTimeoutException': connect timed out> (0x00000000d788f088) thrown at [C:\jenkins\workspace\zulu-platform-build\zulu-src.git\hotspot\src\share\vm\prims\jni.cpp, line 736]
Event: 12.959 Thread 0x000002202c64d800 Exception <a 'java/net/SocketTimeoutException': connect timed out> (0x00000000d7890580) thrown at [C:\jenkins\workspace\zulu-platform-build\zulu-src.git\hotspot\src\share\vm\prims\jni.cpp, line 736]
Event: 13.505 Thread 0x000002202c64d800 Exception <a 'java/net/SocketTimeoutException': connect timed out> (0x00000000d7891a78) thrown at [C:\jenkins\workspace\zulu-platform-build\zulu-src.git\hotspot\src\share\vm\prims\jni.cpp, line 736]
Event: 13.737 Thread 0x000002201546d000 Exception <a 'java/lang/IncompatibleClassChangeError': Found class java.lang.Object, but interface was expected> (0x00000000d7d41fd8) thrown at [C:\jenkins\workspace\zulu-platform-build\zulu-src.git\hotspot\src\share\vm\interpreter\linkResolver.cpp, line 
Event: 13.828 Thread 0x000002201546d000 Exception <a 'java/lang/NoSuchMethodError': java.lang.Object.lambda$or$2(Ljava/util/function/Predicate;Ljava/lang/Object;)Z> (0x00000000d7d5e680) thrown at [C:\jenkins\workspace\zulu-platform-build\zulu-src.git\hotspot\src\share\vm\interpreter\linkResolve
Event: 14.076 Thread 0x000002201546d000 Exception <a 'java/lang/NoSuchMethodError': java.lang.Object.lambda$chars$0()Ljava/util/Spliterator$OfInt;> (0x00000000d80e6fe8) thrown at [C:\jenkins\workspace\zulu-platform-build\zulu-src.git\hotspot\src\share\vm\interpreter\linkResolver.cpp, line 620]

Events (10 events):
Event: 17.024 Thread 0x000002201546d000 DEOPT UNPACKING pc=0x0000022016e95683 sp=0x000000b2927fcd60 mode 2
Event: 17.025 Thread 0x000002201546d000 Uncommon trap: trap_request=0xffffffde fr.pc=0x0000022017911734
Event: 17.025 Thread 0x000002201546d000 DEOPT PACKING pc=0x0000022017911734 sp=0x000000b2927fc9e0
Event: 17.025 Thread 0x000002201546d000 DEOPT UNPACKING pc=0x0000022016e95683 sp=0x000000b2927fc9e0 mode 2
Event: 17.025 Thread 0x000002201546d000 Uncommon trap: trap_request=0xffffffde fr.pc=0x0000022017911734
Event: 17.025 Thread 0x000002201546d000 DEOPT PACKING pc=0x0000022017911734 sp=0x000000b2927fc490
Event: 17.025 Thread 0x000002201546d000 DEOPT UNPACKING pc=0x0000022016e95683 sp=0x000000b2927fc490 mode 2
Event: 17.025 Thread 0x000002201546d000 Uncommon trap: trap_request=0xffffffde fr.pc=0x0000022017911734
Event: 17.025 Thread 0x000002201546d000 DEOPT PACKING pc=0x0000022017911734 sp=0x000000b2927fc490
Event: 17.025 Thread 0x000002201546d000 DEOPT UNPACKING pc=0x0000022016e95683 sp=0x000000b2927fc490 mode 2


Dynamic libraries:
0x00007ff7b8c30000 - 0x00007ff7b8c81000 	C:\Users\3784\Downloads\Katalon_Studio_Windows_64-8.6.5\Katalon_Studio_Windows_64-8.6.5\jre\bin\javaw.exe
0x00007ff8e0c50000 - 0x00007ff8e0e46000 	C:\Windows\SYSTEM32\ntdll.dll
0x00007ff8e0b50000 - 0x00007ff8e0c0d000 	C:\Windows\System32\KERNEL32.DLL
0x00007ff8de700000 - 0x00007ff8de9c8000 	C:\Windows\System32\KERNELBASE.dll
0x00000000688d0000 - 0x0000000068963000 	C:\Windows\System32\SYSFER.DLL
0x00007ff8df980000 - 0x00007ff8dfa2c000 	C:\Windows\System32\ADVAPI32.dll
0x00007ff8dee60000 - 0x00007ff8deefe000 	C:\Windows\System32\msvcrt.dll
0x00007ff8e0a50000 - 0x00007ff8e0aeb000 	C:\Windows\System32\sechost.dll
0x00007ff8df100000 - 0x00007ff8df224000 	C:\Windows\System32\RPCRT4.dll
0x00007ff8def00000 - 0x00007ff8df0a0000 	C:\Windows\System32\USER32.dll
0x00007ff8dec00000 - 0x00007ff8dec22000 	C:\Windows\System32\win32u.dll
0x00007ff8e0050000 - 0x00007ff8e007a000 	C:\Windows\System32\GDI32.dll
0x00007ff8de540000 - 0x00007ff8de649000 	C:\Windows\System32\gdi32full.dll
0x00007ff8de9d0000 - 0x00007ff8dea6d000 	C:\Windows\System32\msvcp_win.dll
0x00007ff8de3e0000 - 0x00007ff8de4e0000 	C:\Windows\System32\ucrtbase.dll
0x00007ff8dc270000 - 0x00007ff8dc50b000 	C:\Windows\WinSxS\amd64_microsoft.windows.common-controls_6595b64144ccf1df_6.0.19041.488_none_ca04af081b815d21\COMCTL32.dll
0x00007ff8df950000 - 0x00007ff8df980000 	C:\Windows\System32\IMM32.DLL
0x00007ff8de190000 - 0x00007ff8de1c8000 	C:\Program Files\Citrix\System32\MfApHook64.dll
0x00007ff8de0c0000 - 0x00007ff8de0d2000 	C:\Program Files\Citrix\IcaService\FullScreenHook64.dll
0x00007ff8de030000 - 0x00007ff8de0be000 	C:\Windows\SYSTEM32\MSVCP140.dll
0x00007ff8de010000 - 0x00007ff8de02b000 	C:\Windows\SYSTEM32\VCRUNTIME140.dll
0x00007ff8de000000 - 0x00007ff8de00c000 	C:\Windows\SYSTEM32\VCRUNTIME140_1.dll
0x00007ff8ddbb0000 - 0x00007ff8ddbda000 	C:\Program Files\Citrix\ICAService\ShellHook64.dll
0x00007ff8decb0000 - 0x00007ff8ded05000 	C:\Windows\System32\SHLWAPI.dll
0x00007ff8dda80000 - 0x00007ff8ddb8f000 	C:\Program Files\Citrix\IcaService\SCardHook64.dll
0x00007ff8dd780000 - 0x00007ff8dd7a0000 	C:\Program Files\Citrix\ICAService\cxinjime64.dll
0x00007ff8dd750000 - 0x00007ff8dd776000 	C:\Program Files\Citrix\ICAService\PicaWtsHook64.dll
0x0000000067f10000 - 0x0000000068780000 	C:\Users\3784\Downloads\Katalon_Studio_Windows_64-8.6.5\Katalon_Studio_Windows_64-8.6.5\jre\bin\server\jvm.dll
0x00007ff8df940000 - 0x00007ff8df948000 	C:\Windows\System32\PSAPI.DLL
0x00007ff8d1520000 - 0x00007ff8d1529000 	C:\Windows\SYSTEM32\WSOCK32.dll
0x00007ff8e09e0000 - 0x00007ff8e0a4b000 	C:\Windows\System32\WS2_32.dll
0x00007ff8d51e0000 - 0x00007ff8d5207000 	C:\Windows\SYSTEM32\WINMM.dll
0x00007ff8ddf70000 - 0x00007ff8ddf7a000 	C:\Windows\SYSTEM32\VERSION.dll
0x00007ff8db940000 - 0x00007ff8db952000 	C:\Windows\SYSTEM32\kernel.appcore.dll
0x00007ff8d98c0000 - 0x00007ff8d98d0000 	C:\Users\3784\Downloads\Katalon_Studio_Windows_64-8.6.5\Katalon_Studio_Windows_64-8.6.5\jre\bin\verify.dll
0x00007ff8b9040000 - 0x00007ff8b906b000 	C:\Users\3784\Downloads\Katalon_Studio_Windows_64-8.6.5\Katalon_Studio_Windows_64-8.6.5\jre\bin\java.dll
0x00007ff8d5650000 - 0x00007ff8d5668000 	C:\Users\3784\Downloads\Katalon_Studio_Windows_64-8.6.5\Katalon_Studio_Windows_64-8.6.5\jre\bin\zip.dll
0x00007ff8e0290000 - 0x00007ff8e09d1000 	C:\Windows\System32\SHELL32.dll
0x00007ff8db990000 - 0x00007ff8dc125000 	C:\Windows\SYSTEM32\windows.storage.dll
0x00007ff8df310000 - 0x00007ff8df665000 	C:\Windows\System32\combase.dll
0x00007ff8dd570000 - 0x00007ff8dd59c000 	C:\Windows\SYSTEM32\Wldp.dll
0x00007ff8df680000 - 0x00007ff8df72e000 	C:\Windows\System32\SHCORE.dll
0x00007ff8de2c0000 - 0x00007ff8de2e6000 	C:\Windows\SYSTEM32\profapi.dll
0x00007ff8d3530000 - 0x00007ff8d354c000 	C:\Users\3784\Downloads\Katalon_Studio_Windows_64-8.6.5\Katalon_Studio_Windows_64-8.6.5\jre\bin\net.dll
0x00007ff8dd2e0000 - 0x00007ff8dd34a000 	C:\Windows\system32\mswsock.dll
0x00007ff8cce60000 - 0x00007ff8cce73000 	C:\Users\3784\Downloads\Katalon_Studio_Windows_64-8.6.5\Katalon_Studio_Windows_64-8.6.5\jre\bin\nio.dll
0x00007ff8dd020000 - 0x00007ff8dd0eb000 	C:\Windows\SYSTEM32\DNSAPI.dll
0x00007ff8dcfe0000 - 0x00007ff8dd01b000 	C:\Windows\SYSTEM32\IPHLPAPI.DLL
0x00007ff8df670000 - 0x00007ff8df678000 	C:\Windows\System32\NSI.dll
0x00007ff8d6140000 - 0x00007ff8d614a000 	C:\Windows\System32\rasadhlp.dll
0x00007ff8d86a0000 - 0x00007ff8d871f000 	C:\Windows\System32\fwpuclnt.dll
0x00007ff8debd0000 - 0x00007ff8debf7000 	C:\Windows\System32\bcrypt.dll
0x00007ff8b7630000 - 0x00007ff8b7654000 	C:\Users\3784\Downloads\Katalon_Studio_Windows_64-8.6.5\Katalon_Studio_Windows_64-8.6.5\jre\bin\sunec.dll
0x00007ff8d8370000 - 0x00007ff8d837d000 	C:\Users\3784\Downloads\Katalon_Studio_Windows_64-8.6.5\Katalon_Studio_Windows_64-8.6.5\jre\bin\sunmscapi.dll
0x00007ff8dea70000 - 0x00007ff8debcd000 	C:\Windows\System32\CRYPT32.dll
0x00007ff8dd5e0000 - 0x00007ff8dd607000 	C:\Windows\SYSTEM32\ncrypt.dll
0x00007ff8dd5a0000 - 0x00007ff8dd5db000 	C:\Windows\SYSTEM32\NTASN1.dll
0x00007ff8dd4b0000 - 0x00007ff8dd4c8000 	C:\Windows\SYSTEM32\CRYPTSP.dll
0x00007ff8dcb80000 - 0x00007ff8dcbb4000 	C:\Windows\system32\rsaenh.dll
0x00007ff8de240000 - 0x00007ff8de26e000 	C:\Windows\SYSTEM32\USERENV.dll
0x00007ff8dec30000 - 0x00007ff8decaf000 	C:\Windows\System32\bcryptprimitives.dll
0x00007ff8dd4d0000 - 0x00007ff8dd4dc000 	C:\Windows\SYSTEM32\CRYPTBASE.dll
0x00007ff8d80e0000 - 0x00007ff8d80f7000 	C:\Windows\SYSTEM32\dhcpcsvc6.DLL
0x00007ff8d7d90000 - 0x00007ff8d7dad000 	C:\Windows\SYSTEM32\dhcpcsvc.DLL

VM Arguments:
jvm_args: -Dgroovy.home=C:\Users\3784/.groovy -Djava.system.class.loader=groovy.lang.GroovyClassLoader -Xmx2048m -Dfile.encoding=UTF-8 
java_command: org.codehaus.groovy.tools.GroovyStarter --classpath C:\Users\3784\Katalon Studio\test\bin\keyword;C:\Users\3784\Katalon Studio\test\Keywords;C:\Users\3784\Katalon Studio\test\bin\listener;C:\Users\3784\Katalon Studio\test\Test Listeners;C:\Users\3784\Katalon Studio\test\bin\lib;C:\Users\3784\Katalon Studio\test\Libs;C:\Users\3784\Katalon Studio\test\bin\groovy;C:\Users\3784\Katalon Studio\test\Include\scripts\groovy;C:\Users\3784\Downloads\Katalon_Studio_Windows_64-8.6.5\Katalon_Studio_Windows_64-8.6.5\plugins\com.kms.katalon.core_1.0.0.202305240718.jar;C:\Users\3784\Downloads\Katalon_Studio_Windows_64-8.6.5\Katalon_Studio_Windows_64-8.6.5\configuration\resources\lib\aalto-xml-1.0.0.jar;C:\Users\3784\Downloads\Katalon_Studio_Windows_64-8.6.5\Katalon_Studio_Windows_64-8.6.5\configuration\resources\lib\aspectjweaver-1.9.1.jar;C:\Users\3784\Downloads\Katalon_Studio_Windows_64-8.6.5\Katalon_Studio_Windows_64-8.6.5\configuration\resources\lib\bcpkix-jdk15on-1.64.jar;C:\Users\3784\Downloads\Katalon_Studio_Windows_64-8.6.5\Katalon_Studio_Windows_64-8.6.5\configuration\resources\lib\bcprov-jdk15on-1.64.jar;C:\Users\3784\Downloads\Katalon_Studio_Windows_64-8.6.5\Katalon_Studio_Windows_64-8.6.5\configuration\resources\lib\browsermob-core-2.1.5.jar;C:\Users\3784\Downloads\Katalon_Studio_Windows_64-8.6.5\Katalon_Studio_Windows_64-8.6.5\configuration\resources\lib\cglib-3.2.10.jar;C:\Users\3784\Downloads\Katalon_Studio_Windows_64-8.6.5\Katalon_Studio_Windows_64-8.6.5\configuration\resources\lib\commons-codec-1.10.jar;C:\Users\3784\Downloads\Katalon_Studio_Windows_64-8.6.5\Katalon_Studio_Windows_64-8.6.5\configuration\resources\lib\commons-collections4-4.1.jar;C:\Users\3784\Downloads\Katalon_Studio_Windows_64-8.6.5\Katalon_Studio_Windows_64-8.6.5\configuration\resources\lib\commons-validator-1.6.jar;C:\Users\3784\Downloads\Katalon_Studio_Windows_64-8.6.5\Katalon_Studio_Windows_64-8.6.5\configuration\resources\lib\curvesapi-1.04.jar;C:\Users\3784\Downloads\Katalon_
java_class_path (initial): C:\Users\3784\Katalon Studio\test\bin\keyword;C:\Users\3784\Katalon Studio\test\bin\listener;C:\Users\3784\Katalon Studio\test\bin\lib;C:\Users\3784\Katalon Studio\test\bin\groovy;C:\Users\3784\Katalon Studio\test\bin;C:\Users\3784\Downloads\Katalon_Studio_Windows_64-8.6.5\Katalon_Studio_Windows_64-8.6.5\plugins\com.kms.katalon.core_1.0.0.202305240718.jar;C:\Users\3784\Downloads\Katalon_Studio_Windows_64-8.6.5\Katalon_Studio_Windows_64-8.6.5\configuration\resources\lib\aalto-xml-1.0.0.jar;C:\Users\3784\Downloads\Katalon_Studio_Windows_64-8.6.5\Katalon_Studio_Windows_64-8.6.5\configuration\resources\lib\aspectjweaver-1.9.1.jar;C:\Users\3784\Downloads\Katalon_Studio_Windows_64-8.6.5\Katalon_Studio_Windows_64-8.6.5\configuration\resources\lib\bcpkix-jdk15on-1.64.jar;C:\Users\3784\Downloads\Katalon_Studio_Windows_64-8.6.5\Katalon_Studio_Windows_64-8.6.5\configuration\resources\lib\bcprov-jdk15on-1.64.jar;C:\Users\3784\Downloads\Katalon_Studio_Windows_64-8.6.5\Katalon_Studio_Windows_64-8.6.5\configuration\resources\lib\browsermob-core-2.1.5.jar;C:\Users\3784\Downloads\Katalon_Studio_Windows_64-8.6.5\Katalon_Studio_Windows_64-8.6.5\configuration\resources\lib\cglib-3.2.10.jar;C:\Users\3784\Downloads\Katalon_Studio_Windows_64-8.6.5\Katalon_Studio_Windows_64-8.6.5\configuration\resources\lib\commons-codec-1.10.jar;C:\Users\3784\Downloads\Katalon_Studio_Windows_64-8.6.5\Katalon_Studio_Windows_64-8.6.5\configuration\resources\lib\commons-collections4-4.1.jar;C:\Users\3784\Downloads\Katalon_Studio_Windows_64-8.6.5\Katalon_Studio_Windows_64-8.6.5\configuration\resources\lib\commons-validator-1.6.jar;C:\Users\3784\Downloads\Katalon_Studio_Windows_64-8.6.5\Katalon_Studio_Windows_64-8.6.5\configuration\resources\lib\curvesapi-1.04.jar;C:\Users\3784\Downloads\Katalon_Studio_Windows_64-8.6.5\Katalon_Studio_Windows_64-8.6.5\configuration\resources\lib\dnsjava-2.1.8.jar;C:\Users\3784\Downloads\Katalon_Studio_Windows_64-8.6.5\Katalon_Studio_Windows_64-8.6.5
Launcher Type: SUN_STANDARD

Environment Variables:
PATH=C:/Users/3784/Downloads/Katalon_Studio_Windows_64-8.6.5/Katalon_Studio_Windows_64-8.6.5/jre/bin/server;C:/Users/3784/Downloads/Katalon_Studio_Windows_64-8.6.5/Katalon_Studio_Windows_64-8.6.5/jre/bin;C:/Users/3784/Downloads/Katalon_Studio_Windows_64-8.6.5/Katalon_Studio_Windows_64-8.6.5/jre/lib/amd64;C:\Windows\system32;C:\Windows;C:\Windows\System32\Wbem;C:\Windows\System32\WindowsPowerShell\v1.0\;C:\Windows\System32\OpenSSH\;C:\Program Files\Citrix\System32\;C:\Program Files\Citrix\ICAService\;C:\Program Files\Citrix\Virtual Desktop Agent\;C:\Users\3784\AppData\Local\Microsoft\WindowsApps;;C:\Users\3784\Downloads\Katalon_Studio_Windows_64-8.6.5\Katalon_Studio_Windows_64-8.6.5;
USERNAME=3784
OS=Windows_NT
PROCESSOR_IDENTIFIER=Intel64 Family 6 Model 85 Stepping 7, GenuineIntel



---------------  S Y S T E M  ---------------

OS: Windows 10 , 64 bit Build 19041 (10.0.19041.546)
Xen hardware-assisted virtualization detected

CPU:total 2 (initial active 2) (4 cores per cpu, 1 threads per core) family 6 model 85 stepping 7, cmov, cx8, fxsr, mmx, sse, sse2, sse3, ssse3, sse4.1, sse4.2, popcnt, avx, avx2, aes, clmul, erms, 3dnowpref, lzcnt, tsc, bmi1, bmi2, adx

Memory: 4k page, physical 6491184k(217960k free), swap 12965596k(4132k free)

vm_info: OpenJDK 64-Bit Server VM (25.362-b09) for windows-amd64 JRE (Zulu 8.68.0.21-CA-win64) (1.8.0_362-b09), built on Jan 19 2023 16:49:02 by "tester" with MS VC++ 15.9 (VS2017)

time: Wed Jul 12 12:51:32 2023
timezone: India Standard Time
elapsed time: 17.039389 seconds (0d 0h 0m 17s)

