#
# There is insufficient memory for the Java Runtime Environment to continue.
# Native memory allocation (malloc) failed to allocate 635056 bytes for Chunk::new
# Possible reasons:
#   The system is out of physical RAM or swap space
#   The process is running with CompressedOops enabled, and the Java Heap may be blocking the growth of the native heap
# Possible solutions:
#   Reduce memory load on the system
#   Increase physical memory or swap space
#   Check if swap backing store is full
#   Decrease Java heap size (-Xmx/-Xms)
#   Decrease number of Java threads
#   Decrease Java thread stack sizes (-Xss)
#   Set larger code cache with -XX:ReservedCodeCacheSize=
#   JVM is running with Unscaled Compressed Oops mode in which the Java heap is
#     placed in the first 4GB address space. The Java Heap base address is the
#     maximum limit for the native heap growth. Please use -XX:HeapBaseMinAddress
#     to set the Java Heap base and to place the Java Heap above 4GB virtual address.
# This output file may be truncated or incomplete.
#
#  Out of Memory Error (allocation.cpp:389), pid=11220, tid=0x0000000000003888
#
# JRE version: OpenJDK Runtime Environment (Zulu 8.68.0.21-CA-win64) (8.0_362-b09) (build 1.8.0_362-b09)
# Java VM: OpenJDK 64-Bit Server VM (25.362-b09 mixed mode windows-amd64 compressed oops)
# Failed to write core dump. Minidumps are not enabled by default on client versions of Windows
#

---------------  T H R E A D  ---------------

Current thread (0x000001be4dd82800):  JavaThread "C2 CompilerThread0" daemon [_thread_in_native, id=14472, stack(0x00000028b7500000,0x00000028b7600000)]

Stack: [0x00000028b7500000,0x00000028b7600000]
[error occurred during error reporting (printing stack bounds), id 0xc0000005]

Native frames: (J=compiled Java code, j=interpreted, Vv=VM code, C=native code)


Current CompileTask:
C2:  12451 2138       4       java.io.WinNTFileSystem::normalize (143 bytes)


---------------  P R O C E S S  ---------------

Java Threads: ( => current thread )
  0x000001be4cfed800 JavaThread "Service Thread" daemon [_thread_blocked, id=7432, stack(0x00000028b7700000,0x00000028b7800000)]
  0x000001be4cfe7800 JavaThread "C1 CompilerThread1" daemon [_thread_blocked, id=20436, stack(0x00000028b7600000,0x00000028b7700000)]
=>0x000001be4dd82800 JavaThread "C2 CompilerThread0" daemon [_thread_in_native, id=14472, stack(0x00000028b7500000,0x00000028b7600000)]
  0x000001be4de04800 JavaThread "Attach Listener" daemon [_thread_blocked, id=9604, stack(0x00000028b7400000,0x00000028b7500000)]
  0x000001be4dde7000 JavaThread "Signal Dispatcher" daemon [_thread_blocked, id=13680, stack(0x00000028b7300000,0x00000028b7400000)]
  0x000001be3876a000 JavaThread "Finalizer" daemon [_thread_blocked, id=6912, stack(0x00000028b7200000,0x00000028b7300000)]
  0x000001be4cf37000 JavaThread "Reference Handler" daemon [_thread_blocked, id=12596, stack(0x00000028b7100000,0x00000028b7200000)]
  0x000001be36c9d000 JavaThread "main" [_thread_in_native, id=11212, stack(0x00000028b6d00000,0x00000028b6e00000)]

Other Threads:
  0x000001be38758000 VMThread [stack: 0x00000028b7000000,0x00000028b7100000] [id=16512]
  0x000001be4cfee800 WatcherThread [stack: 0x00000028b7800000,0x00000028b7900000] [id=13748]

VM state:not at safepoint (normal execution)

VM Mutex/Monitor currently owned by a thread: None

heap address: 0x0000000080000000, size: 2048 MB, Compressed Oops mode: 32-bit
Narrow klass base: 0x0000000000000000, Narrow klass shift: 3
Compressed class space size: 1073741824 Address: 0x0000000100000000

Heap:
 PSYoungGen      total 55296K, used 24527K [0x00000000d5580000, 0x00000000d8f80000, 0x0000000100000000)
  eden space 51200K, 41% used [0x00000000d5580000,0x00000000d6a7b970,0x00000000d8780000)
  from space 4096K, 74% used [0x00000000d8780000,0x00000000d8a78350,0x00000000d8b80000)
  to   space 4096K, 0% used [0x00000000d8b80000,0x00000000d8b80000,0x00000000d8f80000)
 ParOldGen       total 40960K, used 9712K [0x0000000080000000, 0x0000000082800000, 0x00000000d5580000)
  object space 40960K, 23% used [0x0000000080000000,0x000000008097c240,0x0000000082800000)
 Metaspace       used 22983K, capacity 23364K, committed 23808K, reserved 1071104K
  class space    used 2536K, capacity 2690K, committed 2816K, reserved 1048576K

Card table byte_map: [0x000001be47b30000,0x000001be47f40000] byte_map_base: 0x000001be47730000

Marking Bits: (ParMarkBitMap*) 0x0000000068705390
 Begin Bits: [0x000001be481f0000, 0x000001be4a1f0000)
 End Bits:   [0x000001be4a1f0000, 0x000001be4c1f0000)

Polling page: 0x000001be36e40000

CodeCache: size=245760Kb used=9483Kb max_used=9500Kb free=236276Kb
 bounds [0x000001be38770000, 0x000001be390c0000, 0x000001be47770000]
 total_blobs=2789 nmethods=2137 adapters=563
 compilation: enabled

Compilation events (10 events):
Event: 12.290 Thread 0x000001be4dd82800 nmethod 2076 0x000001be390b4850 code [0x000001be390b4be0, 0x000001be390b81b0]
Event: 12.291 Thread 0x000001be4dd82800 2091       4       java.net.URI::match (56 bytes)
Event: 12.292 Thread 0x000001be4dd82800 nmethod 2091 0x000001be39056a10 code [0x000001be39056b40, 0x000001be39056bf8]
Event: 12.292 Thread 0x000001be4dd82800 2118       4       groovyjarjarantlr.ANTLRStringBuffer::append (92 bytes)
Event: 12.296 Thread 0x000001be4dd82800 nmethod 2118 0x000001be390b1450 code [0x000001be390b15a0, 0x000001be390b1858]
Event: 12.316 Thread 0x000001be4cfe7800 2136       3       org.codehaus.groovy.control.ClassNodeResolver::getFromClassCache (16 bytes)
Event: 12.317 Thread 0x000001be4cfe7800 nmethod 2136 0x000001be390b0ed0 code [0x000001be390b1040, 0x000001be390b1350]
Event: 12.317 Thread 0x000001be4cfe7800 2137       3       org.codehaus.groovy.control.ClassNodeResolver::resolveName (73 bytes)
Event: 12.317 Thread 0x000001be4cfe7800 nmethod 2137 0x000001be390afe90 code [0x000001be390b0080, 0x000001be390b0b50]
Event: 12.326 Thread 0x000001be4dd82800 2138       4       java.io.WinNTFileSystem::normalize (143 bytes)

GC Heap History (10 events):
Event: 8.499 GC heap before
{Heap before GC invocations=6 (full 0):
 PSYoungGen      total 55296K, used 55289K [0x00000000d5580000, 0x00000000d8f80000, 0x0000000100000000)
  eden space 51200K, 100% used [0x00000000d5580000,0x00000000d8780000,0x00000000d8780000)
  from space 4096K, 99% used [0x00000000d8780000,0x00000000d8b7e778,0x00000000d8b80000)
  to   space 4096K, 0% used [0x00000000d8b80000,0x00000000d8b80000,0x00000000d8f80000)
 ParOldGen       total 68608K, used 2496K [0x0000000080000000, 0x0000000084300000, 0x00000000d5580000)
  object space 68608K, 3% used [0x0000000080000000,0x0000000080270120,0x0000000084300000)
 Metaspace       used 17989K, capacity 18220K, committed 18560K, reserved 1064960K
  class space    used 1919K, capacity 2051K, committed 2176K, reserved 1048576K
Event: 8.513 GC heap after
Heap after GC invocations=6 (full 0):
 PSYoungGen      total 55296K, used 4089K [0x00000000d5580000, 0x00000000d8f80000, 0x0000000100000000)
  eden space 51200K, 0% used [0x00000000d5580000,0x00000000d5580000,0x00000000d8780000)
  from space 4096K, 99% used [0x00000000d8b80000,0x00000000d8f7e718,0x00000000d8f80000)
  to   space 4096K, 0% used [0x00000000d8780000,0x00000000d8780000,0x00000000d8b80000)
 ParOldGen       total 68608K, used 6292K [0x0000000080000000, 0x0000000084300000, 0x00000000d5580000)
  object space 68608K, 9% used [0x0000000080000000,0x0000000080625278,0x0000000084300000)
 Metaspace       used 17989K, capacity 18220K, committed 18560K, reserved 1064960K
  class space    used 1919K, capacity 2051K, committed 2176K, reserved 1048576K
}
Event: 9.754 GC heap before
{Heap before GC invocations=7 (full 0):
 PSYoungGen      total 55296K, used 55289K [0x00000000d5580000, 0x00000000d8f80000, 0x0000000100000000)
  eden space 51200K, 100% used [0x00000000d5580000,0x00000000d8780000,0x00000000d8780000)
  from space 4096K, 99% used [0x00000000d8b80000,0x00000000d8f7e718,0x00000000d8f80000)
  to   space 4096K, 0% used [0x00000000d8780000,0x00000000d8780000,0x00000000d8b80000)
 ParOldGen       total 68608K, used 6292K [0x0000000080000000, 0x0000000084300000, 0x00000000d5580000)
  object space 68608K, 9% used [0x0000000080000000,0x0000000080625278,0x0000000084300000)
 Metaspace       used 20842K, capacity 21130K, committed 21296K, reserved 1069056K
  class space    used 2294K, capacity 2425K, committed 2432K, reserved 1048576K
Event: 9.788 GC heap after
Heap after GC invocations=7 (full 0):
 PSYoungGen      total 55296K, used 4064K [0x00000000d5580000, 0x00000000d8f80000, 0x0000000100000000)
  eden space 51200K, 0% used [0x00000000d5580000,0x00000000d5580000,0x00000000d8780000)
  from space 4096K, 99% used [0x00000000d8780000,0x00000000d8b78288,0x00000000d8b80000)
  to   space 4096K, 0% used [0x00000000d8b80000,0x00000000d8b80000,0x00000000d8f80000)
 ParOldGen       total 68608K, used 9297K [0x0000000080000000, 0x0000000084300000, 0x00000000d5580000)
  object space 68608K, 13% used [0x0000000080000000,0x0000000080914448,0x0000000084300000)
 Metaspace       used 20842K, capacity 21130K, committed 21296K, reserved 1069056K
  class space    used 2294K, capacity 2425K, committed 2432K, reserved 1048576K
}
Event: 9.793 GC heap before
{Heap before GC invocations=8 (full 0):
 PSYoungGen      total 55296K, used 5084K [0x00000000d5580000, 0x00000000d8f80000, 0x0000000100000000)
  eden space 51200K, 1% used [0x00000000d5580000,0x00000000d567f0e0,0x00000000d8780000)
  from space 4096K, 99% used [0x00000000d8780000,0x00000000d8b78288,0x00000000d8b80000)
  to   space 4096K, 0% used [0x00000000d8b80000,0x00000000d8b80000,0x00000000d8f80000)
 ParOldGen       total 68608K, used 9297K [0x0000000080000000, 0x0000000084300000, 0x00000000d5580000)
  object space 68608K, 13% used [0x0000000080000000,0x0000000080914448,0x0000000084300000)
 Metaspace       used 20842K, capacity 21130K, committed 21296K, reserved 1069056K
  class space    used 2294K, capacity 2425K, committed 2432K, reserved 1048576K
Event: 9.808 GC heap after
Heap after GC invocations=8 (full 0):
 PSYoungGen      total 55296K, used 2848K [0x00000000d5580000, 0x00000000d8f80000, 0x0000000100000000)
  eden space 51200K, 0% used [0x00000000d5580000,0x00000000d5580000,0x00000000d8780000)
  from space 4096K, 69% used [0x00000000d8b80000,0x00000000d8e48010,0x00000000d8f80000)
  to   space 4096K, 0% used [0x00000000d8780000,0x00000000d8780000,0x00000000d8b80000)
 ParOldGen       total 68608K, used 9729K [0x0000000080000000, 0x0000000084300000, 0x00000000d5580000)
  object space 68608K, 14% used [0x0000000080000000,0x0000000080980468,0x0000000084300000)
 Metaspace       used 20842K, capacity 21130K, committed 21296K, reserved 1069056K
  class space    used 2294K, capacity 2425K, committed 2432K, reserved 1048576K
}
Event: 9.808 GC heap before
{Heap before GC invocations=9 (full 1):
 PSYoungGen      total 55296K, used 2848K [0x00000000d5580000, 0x00000000d8f80000, 0x0000000100000000)
  eden space 51200K, 0% used [0x00000000d5580000,0x00000000d5580000,0x00000000d8780000)
  from space 4096K, 69% used [0x00000000d8b80000,0x00000000d8e48010,0x00000000d8f80000)
  to   space 4096K, 0% used [0x00000000d8780000,0x00000000d8780000,0x00000000d8b80000)
 ParOldGen       total 68608K, used 9729K [0x0000000080000000, 0x0000000084300000, 0x00000000d5580000)
  object space 68608K, 14% used [0x0000000080000000,0x0000000080980468,0x0000000084300000)
 Metaspace       used 20842K, capacity 21130K, committed 21296K, reserved 1069056K
  class space    used 2294K, capacity 2425K, committed 2432K, reserved 1048576K
Event: 9.894 GC heap after
Heap after GC invocations=9 (full 1):
 PSYoungGen      total 55296K, used 0K [0x00000000d5580000, 0x00000000d8f80000, 0x0000000100000000)
  eden space 51200K, 0% used [0x00000000d5580000,0x00000000d5580000,0x00000000d8780000)
  from space 4096K, 0% used [0x00000000d8b80000,0x00000000d8b80000,0x00000000d8f80000)
  to   space 4096K, 0% used [0x00000000d8780000,0x00000000d8780000,0x00000000d8b80000)
 ParOldGen       total 40960K, used 9712K [0x0000000080000000, 0x0000000082800000, 0x00000000d5580000)
  object space 40960K, 23% used [0x0000000080000000,0x000000008097c240,0x0000000082800000)
 Metaspace       used 20842K, capacity 21130K, committed 21296K, reserved 1069056K
  class space    used 2294K, capacity 2425K, committed 2432K, reserved 1048576K
}
Event: 11.711 GC heap before
{Heap before GC invocations=10 (full 1):
 PSYoungGen      total 55296K, used 51200K [0x00000000d5580000, 0x00000000d8f80000, 0x0000000100000000)
  eden space 51200K, 100% used [0x00000000d5580000,0x00000000d8780000,0x00000000d8780000)
  from space 4096K, 0% used [0x00000000d8b80000,0x00000000d8b80000,0x00000000d8f80000)
  to   space 4096K, 0% used [0x00000000d8780000,0x00000000d8780000,0x00000000d8b80000)
 ParOldGen       total 40960K, used 9712K [0x0000000080000000, 0x0000000082800000, 0x00000000d5580000)
  object space 40960K, 23% used [0x0000000080000000,0x000000008097c240,0x0000000082800000)
 Metaspace       used 22391K, capacity 22718K, committed 23088K, reserved 1069056K
  class space    used 2470K, capacity 2587K, committed 2688K, reserved 1048576K
Event: 11.756 GC heap after
Heap after GC invocations=10 (full 1):
 PSYoungGen      total 55296K, used 3040K [0x00000000d5580000, 0x00000000d8f80000, 0x0000000100000000)
  eden space 51200K, 0% used [0x00000000d5580000,0x00000000d5580000,0x00000000d8780000)
  from space 4096K, 74% used [0x00000000d8780000,0x00000000d8a78350,0x00000000d8b80000)
  to   space 4096K, 0% used [0x00000000d8b80000,0x00000000d8b80000,0x00000000d8f80000)
 ParOldGen       total 40960K, used 9712K [0x0000000080000000, 0x0000000082800000, 0x00000000d5580000)
  object space 40960K, 23% used [0x0000000080000000,0x000000008097c240,0x0000000082800000)
 Metaspace       used 22391K, capacity 22718K, committed 23088K, reserved 1069056K
  class space    used 2470K, capacity 2587K, committed 2688K, reserved 1048576K
}

Deoptimization events (10 events):
Event: 9.258 Thread 0x000001be36c9d000 Uncommon trap: reason=unstable_if action=reinterpret pc=0x000001be38d38354 method=java.lang.CharacterDataLatin1.digit(II)I @ 82
Event: 10.036 Thread 0x000001be36c9d000 Uncommon trap: reason=unstable_if action=reinterpret pc=0x000001be38a53d44 method=java.util.HashMap.getNode(ILjava/lang/Object;)Ljava/util/HashMap$Node; @ 129
Event: 10.036 Thread 0x000001be36c9d000 Uncommon trap: reason=bimorphic action=maybe_recompile pc=0x000001be38ec6968 method=java.util.HashMap.putVal(ILjava/lang/Object;Ljava/lang/Object;ZZ)Ljava/lang/Object; @ 203
Event: 10.097 Thread 0x000001be36c9d000 Uncommon trap: reason=predicate action=maybe_recompile pc=0x000001be38e3661c method=java.lang.String.regionMatches(ZILjava/lang/String;II)Z @ 63
Event: 10.238 Thread 0x000001be36c9d000 Uncommon trap: reason=unstable_if action=reinterpret pc=0x000001be389b8120 method=java.io.WinNTFileSystem.normalize(Ljava/lang/String;II)Ljava/lang/String; @ 8
Event: 11.125 Thread 0x000001be36c9d000 Uncommon trap: reason=predicate action=maybe_recompile pc=0x000001be38b21220 method=groovyjarjarantlr.InputBuffer.syncConsume()V @ 7
Event: 11.126 Thread 0x000001be36c9d000 Uncommon trap: reason=predicate action=maybe_recompile pc=0x000001be38b2f0cc method=groovyjarjarantlr.InputBuffer.syncConsume()V @ 7
Event: 11.303 Thread 0x000001be36c9d000 Uncommon trap: reason=unstable_if action=reinterpret pc=0x000001be38e3c330 method=java.lang.Class$MethodArray.addIfNotPresent(Ljava/lang/reflect/Method;)V @ 19
Event: 11.490 Thread 0x000001be36c9d000 Uncommon trap: reason=unstable_if action=reinterpret pc=0x000001be39018f2c method=groovy.lang.MetaClassImpl.checkIfStdMethod(Lgroovy/lang/MetaMethod;)V @ 31
Event: 12.220 Thread 0x000001be36c9d000 Uncommon trap: reason=unstable_if action=reinterpret pc=0x000001be38f72d18 method=java.io.WinNTFileSystem.isLetter(C)Z @ 3

Classes redefined (0 events):
No events

Internal exceptions (10 events):
Event: 12.431 Thread 0x000001be36c9d000 Exception <a 'java/security/PrivilegedActionException'> (0x00000000d6815108) thrown at [C:\jenkins\workspace\zulu-platform-build\zulu-src.git\hotspot\src\share\vm\prims\jvm.cpp, line 1514]
Event: 12.431 Thread 0x000001be36c9d000 Exception <a 'java/security/PrivilegedActionException'> (0x00000000d68156e8) thrown at [C:\jenkins\workspace\zulu-platform-build\zulu-src.git\hotspot\src\share\vm\prims\jvm.cpp, line 1514]
Event: 12.431 Thread 0x000001be36c9d000 Exception <a 'java/security/PrivilegedActionException'> (0x00000000d6826600) thrown at [C:\jenkins\workspace\zulu-platform-build\zulu-src.git\hotspot\src\share\vm\prims\jvm.cpp, line 1514]
Event: 12.431 Thread 0x000001be36c9d000 Exception <a 'java/security/PrivilegedActionException'> (0x00000000d6826be0) thrown at [C:\jenkins\workspace\zulu-platform-build\zulu-src.git\hotspot\src\share\vm\prims\jvm.cpp, line 1514]
Event: 12.432 Thread 0x000001be36c9d000 Exception <a 'java/security/PrivilegedActionException'> (0x00000000d6839e50) thrown at [C:\jenkins\workspace\zulu-platform-build\zulu-src.git\hotspot\src\share\vm\prims\jvm.cpp, line 1514]
Event: 12.432 Thread 0x000001be36c9d000 Exception <a 'java/security/PrivilegedActionException'> (0x00000000d683a430) thrown at [C:\jenkins\workspace\zulu-platform-build\zulu-src.git\hotspot\src\share\vm\prims\jvm.cpp, line 1514]
Event: 12.433 Thread 0x000001be36c9d000 Exception <a 'java/security/PrivilegedActionException'> (0x00000000d684b428) thrown at [C:\jenkins\workspace\zulu-platform-build\zulu-src.git\hotspot\src\share\vm\prims\jvm.cpp, line 1514]
Event: 12.433 Thread 0x000001be36c9d000 Exception <a 'java/security/PrivilegedActionException'> (0x00000000d684ba08) thrown at [C:\jenkins\workspace\zulu-platform-build\zulu-src.git\hotspot\src\share\vm\prims\jvm.cpp, line 1514]
Event: 12.434 Thread 0x000001be36c9d000 Exception <a 'java/security/PrivilegedActionException'> (0x00000000d685e618) thrown at [C:\jenkins\workspace\zulu-platform-build\zulu-src.git\hotspot\src\share\vm\prims\jvm.cpp, line 1514]
Event: 12.434 Thread 0x000001be36c9d000 Exception <a 'java/security/PrivilegedActionException'> (0x00000000d685ebf8) thrown at [C:\jenkins\workspace\zulu-platform-build\zulu-src.git\hotspot\src\share\vm\prims\jvm.cpp, line 1514]

Events (10 events):
Event: 12.427 loading class com$kms$katalon$core$testobject$TestObject
Event: 12.427 loading class com$kms$katalon$core$testobject$TestObject done
Event: 12.431 loading class com/kms$katalon$core$testobject$TestObject
Event: 12.431 loading class com/kms$katalon$core$testobject$TestObject done
Event: 12.434 loading class com/kms/katalon$core$testobject$TestObject
Event: 12.434 loading class com/kms/katalon$core$testobject$TestObject done
Event: 12.438 loading class com/kms/katalon/core$testobject$TestObject
Event: 12.438 loading class com/kms/katalon/core$testobject$TestObject done
Event: 12.441 loading class com/kms/katalon/core/testobject$TestObject
Event: 12.441 loading class com/kms/katalon/core/testobject$TestObject done


Dynamic libraries:
0x00007ff7b8c30000 - 0x00007ff7b8c81000 	C:\Users\3784\Downloads\Katalon_Studio_Windows_64-8.6.5\Katalon_Studio_Windows_64-8.6.5\jre\bin\javaw.exe
0x00007ff8e0c50000 - 0x00007ff8e0e46000 	C:\Windows\SYSTEM32\ntdll.dll
0x00007ff8e0b50000 - 0x00007ff8e0c0d000 	C:\Windows\System32\KERNEL32.DLL
0x00007ff8de700000 - 0x00007ff8de9c8000 	C:\Windows\System32\KERNELBASE.dll
0x00000000688d0000 - 0x0000000068963000 	C:\Windows\System32\SYSFER.DLL
0x00007ff8df980000 - 0x00007ff8dfa2c000 	C:\Windows\System32\ADVAPI32.dll
0x00007ff8dee60000 - 0x00007ff8deefe000 	C:\Windows\System32\msvcrt.dll
0x00007ff8e0a50000 - 0x00007ff8e0aeb000 	C:\Windows\System32\sechost.dll
0x00007ff8df100000 - 0x00007ff8df224000 	C:\Windows\System32\RPCRT4.dll
0x00007ff8def00000 - 0x00007ff8df0a0000 	C:\Windows\System32\USER32.dll
0x00007ff8dec00000 - 0x00007ff8dec22000 	C:\Windows\System32\win32u.dll
0x00007ff8e0050000 - 0x00007ff8e007a000 	C:\Windows\System32\GDI32.dll
0x00007ff8de540000 - 0x00007ff8de649000 	C:\Windows\System32\gdi32full.dll
0x00007ff8de9d0000 - 0x00007ff8dea6d000 	C:\Windows\System32\msvcp_win.dll
0x00007ff8de3e0000 - 0x00007ff8de4e0000 	C:\Windows\System32\ucrtbase.dll
0x00007ff8dc270000 - 0x00007ff8dc50b000 	C:\Windows\WinSxS\amd64_microsoft.windows.common-controls_6595b64144ccf1df_6.0.19041.488_none_ca04af081b815d21\COMCTL32.dll
0x00007ff8df950000 - 0x00007ff8df980000 	C:\Windows\System32\IMM32.DLL
0x00007ff8de190000 - 0x00007ff8de1c8000 	C:\Program Files\Citrix\System32\MfApHook64.dll
0x00007ff8de0c0000 - 0x00007ff8de0d2000 	C:\Program Files\Citrix\IcaService\FullScreenHook64.dll
0x00007ff8de030000 - 0x00007ff8de0be000 	C:\Windows\SYSTEM32\MSVCP140.dll
0x00007ff8de010000 - 0x00007ff8de02b000 	C:\Windows\SYSTEM32\VCRUNTIME140.dll
0x00007ff8de000000 - 0x00007ff8de00c000 	C:\Windows\SYSTEM32\VCRUNTIME140_1.dll
0x00007ff8ddbb0000 - 0x00007ff8ddbda000 	C:\Program Files\Citrix\ICAService\ShellHook64.dll
0x00007ff8decb0000 - 0x00007ff8ded05000 	C:\Windows\System32\SHLWAPI.dll
0x00007ff8dda80000 - 0x00007ff8ddb8f000 	C:\Program Files\Citrix\IcaService\SCardHook64.dll
0x00007ff8dd780000 - 0x00007ff8dd7a0000 	C:\Program Files\Citrix\ICAService\cxinjime64.dll
0x00007ff8dd750000 - 0x00007ff8dd776000 	C:\Program Files\Citrix\ICAService\PicaWtsHook64.dll
0x0000000067f10000 - 0x0000000068780000 	C:\Users\3784\Downloads\Katalon_Studio_Windows_64-8.6.5\Katalon_Studio_Windows_64-8.6.5\jre\bin\server\jvm.dll
0x00007ff8df940000 - 0x00007ff8df948000 	C:\Windows\System32\PSAPI.DLL
0x00007ff8d1520000 - 0x00007ff8d1529000 	C:\Windows\SYSTEM32\WSOCK32.dll
0x00007ff8e09e0000 - 0x00007ff8e0a4b000 	C:\Windows\System32\WS2_32.dll
0x00007ff8d51e0000 - 0x00007ff8d5207000 	C:\Windows\SYSTEM32\WINMM.dll
0x00007ff8ddf70000 - 0x00007ff8ddf7a000 	C:\Windows\SYSTEM32\VERSION.dll
0x00007ff8db940000 - 0x00007ff8db952000 	C:\Windows\SYSTEM32\kernel.appcore.dll
0x00007ff8d98c0000 - 0x00007ff8d98d0000 	C:\Users\3784\Downloads\Katalon_Studio_Windows_64-8.6.5\Katalon_Studio_Windows_64-8.6.5\jre\bin\verify.dll
0x00007ff8b9040000 - 0x00007ff8b906b000 	C:\Users\3784\Downloads\Katalon_Studio_Windows_64-8.6.5\Katalon_Studio_Windows_64-8.6.5\jre\bin\java.dll
0x00007ff8d5650000 - 0x00007ff8d5668000 	C:\Users\3784\Downloads\Katalon_Studio_Windows_64-8.6.5\Katalon_Studio_Windows_64-8.6.5\jre\bin\zip.dll
0x00007ff8e0290000 - 0x00007ff8e09d1000 	C:\Windows\System32\SHELL32.dll
0x00007ff8db990000 - 0x00007ff8dc125000 	C:\Windows\SYSTEM32\windows.storage.dll
0x00007ff8df310000 - 0x00007ff8df665000 	C:\Windows\System32\combase.dll
0x00007ff8dd570000 - 0x00007ff8dd59c000 	C:\Windows\SYSTEM32\Wldp.dll
0x00007ff8df680000 - 0x00007ff8df72e000 	C:\Windows\System32\SHCORE.dll
0x00007ff8de2c0000 - 0x00007ff8de2e6000 	C:\Windows\SYSTEM32\profapi.dll
0x00007ff8d3530000 - 0x00007ff8d354c000 	C:\Users\3784\Downloads\Katalon_Studio_Windows_64-8.6.5\Katalon_Studio_Windows_64-8.6.5\jre\bin\net.dll
0x00007ff8dd2e0000 - 0x00007ff8dd34a000 	C:\Windows\system32\mswsock.dll
0x00007ff8cce60000 - 0x00007ff8cce73000 	C:\Users\3784\Downloads\Katalon_Studio_Windows_64-8.6.5\Katalon_Studio_Windows_64-8.6.5\jre\bin\nio.dll

VM Arguments:
jvm_args: -Dgroovy.home=C:\Users\3784/.groovy -Djava.system.class.loader=groovy.lang.GroovyClassLoader -Xmx2048m -Dfile.encoding=UTF-8 
java_command: org.codehaus.groovy.tools.GroovyStarter --classpath C:\Users\3784\Katalon Studio\test\bin\keyword;C:\Users\3784\Katalon Studio\test\Keywords;C:\Users\3784\Katalon Studio\test\bin\listener;C:\Users\3784\Katalon Studio\test\Test Listeners;C:\Users\3784\Katalon Studio\test\bin\lib;C:\Users\3784\Katalon Studio\test\Libs;C:\Users\3784\Katalon Studio\test\bin\groovy;C:\Users\3784\Katalon Studio\test\Include\scripts\groovy;C:\Users\3784\Downloads\Katalon_Studio_Windows_64-8.6.5\Katalon_Studio_Windows_64-8.6.5\plugins\com.kms.katalon.core_1.0.0.202305240718.jar;C:\Users\3784\Downloads\Katalon_Studio_Windows_64-8.6.5\Katalon_Studio_Windows_64-8.6.5\configuration\resources\lib\aalto-xml-1.0.0.jar;C:\Users\3784\Downloads\Katalon_Studio_Windows_64-8.6.5\Katalon_Studio_Windows_64-8.6.5\configuration\resources\lib\aspectjweaver-1.9.1.jar;C:\Users\3784\Downloads\Katalon_Studio_Windows_64-8.6.5\Katalon_Studio_Windows_64-8.6.5\configuration\resources\lib\bcpkix-jdk15on-1.64.jar;C:\Users\3784\Downloads\Katalon_Studio_Windows_64-8.6.5\Katalon_Studio_Windows_64-8.6.5\configuration\resources\lib\bcprov-jdk15on-1.64.jar;C:\Users\3784\Downloads\Katalon_Studio_Windows_64-8.6.5\Katalon_Studio_Windows_64-8.6.5\configuration\resources\lib\browsermob-core-2.1.5.jar;C:\Users\3784\Downloads\Katalon_Studio_Windows_64-8.6.5\Katalon_Studio_Windows_64-8.6.5\configuration\resources\lib\cglib-3.2.10.jar;C:\Users\3784\Downloads\Katalon_Studio_Windows_64-8.6.5\Katalon_Studio_Windows_64-8.6.5\configuration\resources\lib\commons-codec-1.10.jar;C:\Users\3784\Downloads\Katalon_Studio_Windows_64-8.6.5\Katalon_Studio_Windows_64-8.6.5\configuration\resources\lib\commons-collections4-4.1.jar;C:\Users\3784\Downloads\Katalon_Studio_Windows_64-8.6.5\Katalon_Studio_Windows_64-8.6.5\configuration\resources\lib\commons-validator-1.6.jar;C:\Users\3784\Downloads\Katalon_Studio_Windows_64-8.6.5\Katalon_Studio_Windows_64-8.6.5\configuration\resources\lib\curvesapi-1.04.jar;C:\Users\3784\Downloads\Katalon_
java_class_path (initial): C:\Users\3784\Katalon Studio\test\bin\keyword;C:\Users\3784\Katalon Studio\test\bin\listener;C:\Users\3784\Katalon Studio\test\bin\lib;C:\Users\3784\Katalon Studio\test\bin\groovy;C:\Users\3784\Katalon Studio\test\bin;C:\Users\3784\Downloads\Katalon_Studio_Windows_64-8.6.5\Katalon_Studio_Windows_64-8.6.5\plugins\com.kms.katalon.core_1.0.0.202305240718.jar;C:\Users\3784\Downloads\Katalon_Studio_Windows_64-8.6.5\Katalon_Studio_Windows_64-8.6.5\configuration\resources\lib\aalto-xml-1.0.0.jar;C:\Users\3784\Downloads\Katalon_Studio_Windows_64-8.6.5\Katalon_Studio_Windows_64-8.6.5\configuration\resources\lib\aspectjweaver-1.9.1.jar;C:\Users\3784\Downloads\Katalon_Studio_Windows_64-8.6.5\Katalon_Studio_Windows_64-8.6.5\configuration\resources\lib\bcpkix-jdk15on-1.64.jar;C:\Users\3784\Downloads\Katalon_Studio_Windows_64-8.6.5\Katalon_Studio_Windows_64-8.6.5\configuration\resources\lib\bcprov-jdk15on-1.64.jar;C:\Users\3784\Downloads\Katalon_Studio_Windows_64-8.6.5\Katalon_Studio_Windows_64-8.6.5\configuration\resources\lib\browsermob-core-2.1.5.jar;C:\Users\3784\Downloads\Katalon_Studio_Windows_64-8.6.5\Katalon_Studio_Windows_64-8.6.5\configuration\resources\lib\cglib-3.2.10.jar;C:\Users\3784\Downloads\Katalon_Studio_Windows_64-8.6.5\Katalon_Studio_Windows_64-8.6.5\configuration\resources\lib\commons-codec-1.10.jar;C:\Users\3784\Downloads\Katalon_Studio_Windows_64-8.6.5\Katalon_Studio_Windows_64-8.6.5\configuration\resources\lib\commons-collections4-4.1.jar;C:\Users\3784\Downloads\Katalon_Studio_Windows_64-8.6.5\Katalon_Studio_Windows_64-8.6.5\configuration\resources\lib\commons-validator-1.6.jar;C:\Users\3784\Downloads\Katalon_Studio_Windows_64-8.6.5\Katalon_Studio_Windows_64-8.6.5\configuration\resources\lib\curvesapi-1.04.jar;C:\Users\3784\Downloads\Katalon_Studio_Windows_64-8.6.5\Katalon_Studio_Windows_64-8.6.5\configuration\resources\lib\dnsjava-2.1.8.jar;C:\Users\3784\Downloads\Katalon_Studio_Windows_64-8.6.5\Katalon_Studio_Windows_64-8.6.5
Launcher Type: SUN_STANDARD

Environment Variables:
PATH=C:/Users/3784/Downloads/Katalon_Studio_Windows_64-8.6.5/Katalon_Studio_Windows_64-8.6.5/jre/bin/server;C:/Users/3784/Downloads/Katalon_Studio_Windows_64-8.6.5/Katalon_Studio_Windows_64-8.6.5/jre/bin;C:/Users/3784/Downloads/Katalon_Studio_Windows_64-8.6.5/Katalon_Studio_Windows_64-8.6.5/jre/lib/amd64;C:\Windows\system32;C:\Windows;C:\Windows\System32\Wbem;C:\Windows\System32\WindowsPowerShell\v1.0\;C:\Windows\System32\OpenSSH\;C:\Program Files\Citrix\System32\;C:\Program Files\Citrix\ICAService\;C:\Program Files\Citrix\Virtual Desktop Agent\;C:\Users\3784\AppData\Local\Microsoft\WindowsApps;;C:\Users\3784\Downloads\Katalon_Studio_Windows_64-8.6.5\Katalon_Studio_Windows_64-8.6.5;
USERNAME=3784
OS=Windows_NT
PROCESSOR_IDENTIFIER=Intel64 Family 6 Model 85 Stepping 7, GenuineIntel



---------------  S Y S T E M  ---------------

OS: Windows 10 , 64 bit Build 19041 (10.0.19041.546)
Xen hardware-assisted virtualization detected

CPU:total 2 (initial active 2) (4 cores per cpu, 1 threads per core) family 6 model 85 stepping 7, cmov, cx8, fxsr, mmx, sse, sse2, sse3, ssse3, sse4.1, sse4.2, popcnt, avx, avx2, aes, clmul, erms, 3dnowpref, lzcnt, tsc, bmi1, bmi2, adx

Memory: 4k page, physical 6491184k(275752k free), swap 12965596k(5200k free)

vm_info: OpenJDK 64-Bit Server VM (25.362-b09) for windows-amd64 JRE (Zulu 8.68.0.21-CA-win64) (1.8.0_362-b09), built on Jan 19 2023 16:49:02 by "tester" with MS VC++ 15.9 (VS2017)

time: Wed Jul 12 12:53:08 2023
timezone: India Standard Time
elapsed time: 12.458163 seconds (0d 0h 0m 12s)

